2023-11-14 19:28:49.089  INFO 12040 --- [restartedMain] c.smart.SmartcontactmanagerApplication   : Starting SmartcontactmanagerApplication using Java 17.0.7 on RaiSingh with PID 12040 (C:\Users\ankus\OneDrive\Desktop\smartcontactmanager\target\classes started by ankus in C:\Users\ankus\OneDrive\Desktop\smartcontactmanager)
2023-11-14 19:28:49.091  INFO 12040 --- [restartedMain] c.smart.SmartcontactmanagerApplication   : No active profile set, falling back to default profiles: default
2023-11-14 19:28:49.556  INFO 12040 --- [restartedMain] .s.d.r.c.RepositoryConfigurationDelegate : Bootstrapping Spring Data JPA repositories in DEFAULT mode.
2023-11-14 19:28:49.571  INFO 12040 --- [restartedMain] .s.d.r.c.RepositoryConfigurationDelegate : Finished Spring Data repository scanning in 14 ms. Found 2 JPA repository interfaces.
2023-11-14 19:28:49.705  INFO 12040 --- [restartedMain] o.s.b.w.embedded.tomcat.TomcatWebServer  : Tomcat initialized with port(s): 8484 (http)
2023-11-14 19:28:49.706  INFO 12040 --- [restartedMain] o.apache.catalina.core.StandardService   : Starting service [Tomcat]
2023-11-14 19:28:49.706  INFO 12040 --- [restartedMain] org.apache.catalina.core.StandardEngine  : Starting Servlet engine: [Apache Tomcat/9.0.56]
2023-11-14 19:28:49.730  INFO 12040 --- [restartedMain] o.a.c.c.C.[Tomcat].[localhost].[/]       : Initializing Spring embedded WebApplicationContext
2023-11-14 19:28:49.730  INFO 12040 --- [restartedMain] w.s.c.ServletWebServerApplicationContext : Root WebApplicationContext: initialization completed in 635 ms
2023-11-14 19:28:49.835  INFO 12040 --- [restartedMain] o.hibernate.jpa.internal.util.LogHelper  : HHH000204: Processing PersistenceUnitInfo [name: default]
2023-11-14 19:28:49.842  INFO 12040 --- [restartedMain] com.zaxxer.hikari.HikariDataSource       : HikariPool-4 - Starting...
2023-11-14 19:28:49.847  INFO 12040 --- [restartedMain] com.zaxxer.hikari.HikariDataSource       : HikariPool-4 - Start completed.
2023-11-14 19:28:49.847  INFO 12040 --- [restartedMain] org.hibernate.dialect.Dialect            : HHH000400: Using dialect: org.hibernate.dialect.MySQL8Dialect
2023-11-14 19:28:49.973  INFO 12040 --- [restartedMain] o.h.e.t.j.p.i.JtaPlatformInitiator       : HHH000490: Using JtaPlatform implementation: [org.hibernate.engine.transaction.jta.platform.internal.NoJtaPlatform]
2023-11-14 19:28:49.974  INFO 12040 --- [restartedMain] j.LocalContainerEntityManagerFactoryBean : Initialized JPA EntityManagerFactory for persistence unit 'default'
2023-11-14 19:28:50.003  WARN 12040 --- [restartedMain] JpaBaseConfiguration$JpaWebConfiguration : spring.jpa.open-in-view is enabled by default. Therefore, database queries may be performed during view rendering. Explicitly configure spring.jpa.open-in-view to disable this warning
2023-11-14 19:28:50.164  INFO 12040 --- [restartedMain] o.s.s.web.DefaultSecurityFilterChain     : Will secure any request with [org.springframework.security.web.context.request.async.WebAsyncManagerIntegrationFilter@398afe15, org.springframework.security.web.context.SecurityContextPersistenceFilter@62b07d1c, org.springframework.security.web.header.HeaderWriterFilter@31ca0ad5, org.springframework.security.web.authentication.logout.LogoutFilter@6abc53b7, org.springframework.security.web.authentication.UsernamePasswordAuthenticationFilter@3b429cd4, org.springframework.security.web.savedrequest.RequestCacheAwareFilter@20ee33ed, org.springframework.security.web.servletapi.SecurityContextHolderAwareRequestFilter@41930987, org.springframework.security.web.authentication.AnonymousAuthenticationFilter@49f3c614, org.springframework.security.web.session.SessionManagementFilter@50c97c9e, org.springframework.security.web.access.ExceptionTranslationFilter@3eaf8669, org.springframework.security.web.access.intercept.FilterSecurityInterceptor@52d7ce5]
2023-11-14 19:28:50.442  INFO 12040 --- [restartedMain] o.s.b.d.a.OptionalLiveReloadServer       : LiveReload server is running on port 35729
2023-11-14 19:28:50.448  INFO 12040 --- [restartedMain] o.s.b.a.e.web.EndpointLinksResolver      : Exposing 14 endpoint(s) beneath base path '/actuator'
2023-11-14 19:28:50.478  INFO 12040 --- [restartedMain] o.s.b.w.embedded.tomcat.TomcatWebServer  : Tomcat started on port(s): 8484 (http) with context path ''
2023-11-14 19:28:50.491  INFO 12040 --- [restartedMain] c.smart.SmartcontactmanagerApplication   : Started SmartcontactmanagerApplication in 1.502 seconds (JVM running for 1735.386)
2023-11-14 19:29:13.274  INFO 12040 --- [http-nio-8484-exec-1] o.a.c.c.C.[Tomcat].[localhost].[/]       : Initializing Spring DispatcherServlet 'dispatcherServlet'
2023-11-14 19:29:13.274  INFO 12040 --- [http-nio-8484-exec-1] o.s.web.servlet.DispatcherServlet        : Initializing Servlet 'dispatcherServlet'
2023-11-14 19:29:13.282  INFO 12040 --- [http-nio-8484-exec-1] o.s.web.servlet.DispatcherServlet        : Completed initialization in 6 ms
2023-11-14 19:30:10.083  INFO 12040 --- [Thread-15] j.LocalContainerEntityManagerFactoryBean : Closing JPA EntityManagerFactory for persistence unit 'default'
2023-11-14 19:30:10.084  INFO 12040 --- [Thread-15] com.zaxxer.hikari.HikariDataSource       : HikariPool-4 - Shutdown initiated...
2023-11-14 19:30:10.088  INFO 12040 --- [Thread-15] com.zaxxer.hikari.HikariDataSource       : HikariPool-4 - Shutdown completed.
